mode: set
main/main.go:8.12,11.2 2 0
main/libreoffice/convert.go:22.10,23.50 1 0
main/libreoffice/convert.go:23.50,25.3 1 0
main/libreoffice/convert.go:27.2,38.27 5 0
main/libreoffice/convert.go:38.27,40.3 1 0
main/libreoffice/convert.go:41.2,44.32 3 0
main/libreoffice/convert.go:44.32,46.3 1 0
main/libreoffice/convert.go:48.2,49.26 2 0
main/libreoffice/convert.go:49.26,51.3 1 0
main/libreoffice/convert.go:53.2,54.13 2 0
main/libreoffice/convert.go:61.7,63.25 2 0
main/libreoffice/convert.go:63.25,65.3 1 0
main/libreoffice/convert.go:66.2,75.29 3 0
main/libreoffice/convert.go:78.54,82.2 3 0
main/proto/gobre/service.pb.go:33.27,35.29 2 0
main/proto/gobre/service.pb.go:35.29,39.3 3 0
main/proto/gobre/service.pb.go:42.35,44.2 1 0
main/proto/gobre/service.pb.go:46.33,46.34 0 0
main/proto/gobre/service.pb.go:48.55,50.41 2 0
main/proto/gobre/service.pb.go:50.41,52.34 2 0
main/proto/gobre/service.pb.go:52.34,54.4 1 0
main/proto/gobre/service.pb.go:55.3,55.12 1 0
main/proto/gobre/service.pb.go:57.2,57.24 1 0
main/proto/gobre/service.pb.go:61.46,63.2 1 0
main/proto/gobre/service.pb.go:65.48,66.14 1 0
main/proto/gobre/service.pb.go:66.14,68.3 1 0
main/proto/gobre/service.pb.go:69.2,69.11 1 0
main/proto/gobre/service.pb.go:72.43,73.14 1 0
main/proto/gobre/service.pb.go:73.14,75.3 1 0
main/proto/gobre/service.pb.go:76.2,76.11 1 0
main/proto/gobre/service.pb.go:79.40,80.14 1 0
main/proto/gobre/service.pb.go:80.14,82.3 1 0
main/proto/gobre/service.pb.go:83.2,83.12 1 0
main/proto/gobre/service.pb.go:94.28,96.29 2 0
main/proto/gobre/service.pb.go:96.29,100.3 3 0
main/proto/gobre/service.pb.go:103.36,105.2 1 0
main/proto/gobre/service.pb.go:107.34,107.35 0 0
main/proto/gobre/service.pb.go:109.56,111.41 2 0
main/proto/gobre/service.pb.go:111.41,113.34 2 0
main/proto/gobre/service.pb.go:113.34,115.4 1 0
main/proto/gobre/service.pb.go:116.3,116.12 1 0
main/proto/gobre/service.pb.go:118.2,118.24 1 0
main/proto/gobre/service.pb.go:122.47,124.2 1 0
main/proto/gobre/service.pb.go:126.41,127.14 1 0
main/proto/gobre/service.pb.go:127.14,129.3 1 0
main/proto/gobre/service.pb.go:130.2,130.12 1 0
main/proto/gobre/service.pb.go:159.46,160.43 1 0
main/proto/gobre/service.pb.go:160.43,162.3 1 0
main/proto/gobre/service.pb.go:163.2,163.39 1 0
main/proto/gobre/service.pb.go:181.13,181.42 1 0
main/proto/gobre/service.pb.go:182.32,183.31 1 0
main/proto/gobre/service.pb.go:183.31,185.3 1 0
main/proto/gobre/service.pb.go:186.2,186.30 1 0
main/proto/gobre/service.pb.go:186.30,187.84 1 0
main/proto/gobre/service.pb.go:187.84,188.32 1 0
main/proto/gobre/service.pb.go:189.11,190.20 1 0
main/proto/gobre/service.pb.go:191.11,192.24 1 0
main/proto/gobre/service.pb.go:193.11,194.28 1 0
main/proto/gobre/service.pb.go:195.12,196.15 1 0
main/proto/gobre/service.pb.go:199.3,199.84 1 0
main/proto/gobre/service.pb.go:199.84,200.33 1 0
main/proto/gobre/service.pb.go:201.11,202.20 1 0
main/proto/gobre/service.pb.go:203.11,204.24 1 0
main/proto/gobre/service.pb.go:205.11,206.28 1 0
main/proto/gobre/service.pb.go:207.12,208.15 1 0
main/proto/gobre/service.pb.go:212.2,229.34 6 0
main/proto/gobre/service_grpc.pb.go:28.62,30.2 1 0
main/proto/gobre/service_grpc.pb.go:32.115,35.16 3 0
main/proto/gobre/service_grpc.pb.go:35.16,37.3 1 0
main/proto/gobre/service_grpc.pb.go:38.2,38.17 1 0
main/proto/gobre/service_grpc.pb.go:53.93,55.2 1 0
main/proto/gobre/service_grpc.pb.go:56.70,56.71 0 0
main/proto/gobre/service_grpc.pb.go:65.68,67.2 1 0
main/proto/gobre/service_grpc.pb.go:69.164,71.32 2 0
main/proto/gobre/service_grpc.pb.go:71.32,73.3 1 0
main/proto/gobre/service_grpc.pb.go:74.2,74.24 1 0
main/proto/gobre/service_grpc.pb.go:74.24,76.3 1 0
main/proto/gobre/service_grpc.pb.go:77.2,81.77 2 0
main/proto/gobre/service_grpc.pb.go:81.77,83.3 1 0
main/proto/gobre/service_grpc.pb.go:84.2,84.44 1 0
main/libreoffice/convert.go:22.10,23.50 1 1
main/libreoffice/convert.go:23.50,25.3 1 0
main/libreoffice/convert.go:27.2,38.27 5 1
main/libreoffice/convert.go:38.27,40.3 1 0
main/libreoffice/convert.go:41.2,44.32 3 1
main/libreoffice/convert.go:44.32,46.3 1 0
main/libreoffice/convert.go:48.2,49.26 2 1
main/libreoffice/convert.go:49.26,51.3 1 1
main/libreoffice/convert.go:53.2,54.13 2 1
main/libreoffice/convert.go:61.7,63.25 2 1
main/libreoffice/convert.go:63.25,65.3 1 1
main/libreoffice/convert.go:66.2,75.29 3 1
main/libreoffice/convert.go:78.54,82.2 3 1
main/proto/gobre/service.pb.go:33.27,35.29 2 1
main/proto/gobre/service.pb.go:35.29,39.3 3 1
main/proto/gobre/service.pb.go:42.35,44.2 1 0
main/proto/gobre/service.pb.go:46.33,46.34 0 0
main/proto/gobre/service.pb.go:48.55,50.41 2 1
main/proto/gobre/service.pb.go:50.41,52.34 2 1
main/proto/gobre/service.pb.go:52.34,54.4 1 1
main/proto/gobre/service.pb.go:55.3,55.12 1 1
main/proto/gobre/service.pb.go:57.2,57.24 1 0
main/proto/gobre/service.pb.go:61.46,63.2 1 0
main/proto/gobre/service.pb.go:65.48,66.14 1 0
main/proto/gobre/service.pb.go:66.14,68.3 1 0
main/proto/gobre/service.pb.go:69.2,69.11 1 0
main/proto/gobre/service.pb.go:72.43,73.14 1 0
main/proto/gobre/service.pb.go:73.14,75.3 1 0
main/proto/gobre/service.pb.go:76.2,76.11 1 0
main/proto/gobre/service.pb.go:79.40,80.14 1 0
main/proto/gobre/service.pb.go:80.14,82.3 1 0
main/proto/gobre/service.pb.go:83.2,83.12 1 0
main/proto/gobre/service.pb.go:94.28,96.29 2 1
main/proto/gobre/service.pb.go:96.29,100.3 3 1
main/proto/gobre/service.pb.go:103.36,105.2 1 0
main/proto/gobre/service.pb.go:107.34,107.35 0 0
main/proto/gobre/service.pb.go:109.56,111.41 2 1
main/proto/gobre/service.pb.go:111.41,113.34 2 1
main/proto/gobre/service.pb.go:113.34,115.4 1 1
main/proto/gobre/service.pb.go:116.3,116.12 1 1
main/proto/gobre/service.pb.go:118.2,118.24 1 0
main/proto/gobre/service.pb.go:122.47,124.2 1 0
main/proto/gobre/service.pb.go:126.41,127.14 1 1
main/proto/gobre/service.pb.go:127.14,129.3 1 1
main/proto/gobre/service.pb.go:130.2,130.12 1 0
main/proto/gobre/service.pb.go:159.46,160.43 1 0
main/proto/gobre/service.pb.go:160.43,162.3 1 0
main/proto/gobre/service.pb.go:163.2,163.39 1 0
main/proto/gobre/service.pb.go:181.13,181.42 1 1
main/proto/gobre/service.pb.go:182.32,183.31 1 1
main/proto/gobre/service.pb.go:183.31,185.3 1 0
main/proto/gobre/service.pb.go:186.2,186.30 1 1
main/proto/gobre/service.pb.go:186.30,187.84 1 0
main/proto/gobre/service.pb.go:187.84,188.32 1 0
main/proto/gobre/service.pb.go:189.11,190.20 1 0
main/proto/gobre/service.pb.go:191.11,192.24 1 0
main/proto/gobre/service.pb.go:193.11,194.28 1 0
main/proto/gobre/service.pb.go:195.12,196.15 1 0
main/proto/gobre/service.pb.go:199.3,199.84 1 0
main/proto/gobre/service.pb.go:199.84,200.33 1 0
main/proto/gobre/service.pb.go:201.11,202.20 1 0
main/proto/gobre/service.pb.go:203.11,204.24 1 0
main/proto/gobre/service.pb.go:205.11,206.28 1 0
main/proto/gobre/service.pb.go:207.12,208.15 1 0
main/proto/gobre/service.pb.go:212.2,229.34 6 1
main/proto/gobre/service_grpc.pb.go:28.62,30.2 1 1
main/proto/gobre/service_grpc.pb.go:32.115,35.16 3 1
main/proto/gobre/service_grpc.pb.go:35.16,37.3 1 0
main/proto/gobre/service_grpc.pb.go:38.2,38.17 1 1
main/proto/gobre/service_grpc.pb.go:53.93,55.2 1 0
main/proto/gobre/service_grpc.pb.go:56.70,56.71 0 0
main/proto/gobre/service_grpc.pb.go:65.68,67.2 1 1
main/proto/gobre/service_grpc.pb.go:69.164,71.32 2 1
main/proto/gobre/service_grpc.pb.go:71.32,73.3 1 0
main/proto/gobre/service_grpc.pb.go:74.2,74.24 1 1
main/proto/gobre/service_grpc.pb.go:74.24,76.3 1 1
main/proto/gobre/service_grpc.pb.go:77.2,81.77 2 0
main/proto/gobre/service_grpc.pb.go:81.77,83.3 1 0
main/proto/gobre/service_grpc.pb.go:84.2,84.44 1 0
main/server/start_server.go:21.26,29.2 2 1
main/server/start_server.go:31.39,33.22 2 1
main/server/start_server.go:33.22,34.19 1 0
main/server/start_server.go:37.2,42.12 4 1
main/server/start_server.go:42.12,45.3 2 1
main/server/start_server.go:48.2,48.24 1 1
